This file contains any messages produced by compilers while
running configure, to aid debugging if configure makes a mistake.

It was created by configure, which was
generated by GNU Autoconf 2.69.  Invocation command line was

  $ ./configure 

## --------- ##
## Platform. ##
## --------- ##

hostname = HEPHAESTUS2
uname -m = x86_64
uname -r = 5.10.102.1-microsoft-standard-WSL2
uname -s = Linux
uname -v = #1 SMP Wed Mar 2 00:30:59 UTC 2022

/usr/bin/uname -p = x86_64
/bin/uname -X     = unknown

/bin/arch              = x86_64
/usr/bin/arch -k       = unknown
/usr/convex/getsysinfo = unknown
/usr/bin/hostinfo      = unknown
/bin/machine           = unknown
/usr/bin/oslevel       = unknown
/bin/universe          = unknown

PATH: /home/kian/.local/bin
PATH: /home/kian/.local/bin
PATH: /usr/local/sbin
PATH: /usr/local/bin
PATH: /usr/sbin
PATH: /usr/bin
PATH: /sbin
PATH: /bin
PATH: /usr/games
PATH: /usr/local/games
PATH: /usr/lib/wsl/lib
PATH: /mnt/c/Program Files (x86)/Microsoft SDKs/Azure/CLI2/wbin
PATH: /mnt/c/Program Files (x86)/Common Files/Oracle/Java/javapath
PATH: /mnt/c/Python37/
PATH: /mnt/c/Python37/Scripts/
PATH: /mnt/c/Python27/
PATH: /mnt/c/Python27/Scripts
PATH: /mnt/c/WINDOWS/system32
PATH: /mnt/c/WINDOWS
PATH: /mnt/c/WINDOWS/System32/Wbem
PATH: /mnt/c/WINDOWS/System32/WindowsPowerShell/v1.0/
PATH: /mnt/c/WINDOWS/System32/OpenSSH/
PATH: /mnt/c/Program Files/dotnet/
PATH: /mnt/c/Program Files/Microsoft SQL Server/130/Tools/Binn/
PATH: /mnt/c/ProgramData/chocolatey/bin
PATH: /mnt/c/Program Files/Microsoft SQL Server/Client SDK/ODBC/130/Tools/Binn/
PATH: /mnt/c/Program Files (x86)/Microsoft SQL Server/140/Tools/Binn/
PATH: /mnt/c/Program Files/Microsoft SQL Server/140/Tools/Binn/
PATH: /mnt/c/Program Files/Microsoft SQL Server/140/DTS/Binn/
PATH: /mnt/c/Program Files/Git/cmd
PATH: /mnt/c/Program Files (x86)/GNU/GnuPG/pub
PATH: /mnt/c/Program Files (x86)/Microsoft SQL Server/150/DTS/Binn/
PATH: /mnt/c/Program Files/Azure Data Studio/bin
PATH: /mnt/c/Program Files (x86)/Microsoft Visual Studio/2019/Professional/MSBuild/Current/Bin
PATH: /mnt/c/program files/IIS Express
PATH: /mnt/c/Program Files/Microsoft/Web Platform Installer/
PATH: /mnt/c/Program Files (x86)/IIS/Microsoft Web Deploy V3
PATH: /mnt/c/Program Files (x86)/Microsoft SQL Server/110/DTS/Binn/
PATH: /mnt/c/Program Files (x86)/Microsoft SQL Server/120/DTS/Binn/
PATH: /mnt/c/Program Files (x86)/Microsoft SQL Server/130/DTS/Binn/
PATH: /mnt/c/Program Files (x86)/Microsoft SQL Server/140/DTS/Binn/
PATH: /mnt/c/Program Files (x86)/Yarn/bin/
PATH: /mnt/c/Program Files/Microsoft SQL Server/Client SDK/ODBC/170/Tools/Binn/
PATH: /mnt/c/Program Files (x86)/Windows Kits/10/Windows Performance Toolkit/
PATH: /mnt/c/Program Files/Microsoft SQL Server/130/DTS/Binn/
PATH: /mnt/c/Program Files/Microsoft SQL Server/120/DTS/Binn/
PATH: /mnt/c/Program Files/OpenJDK/jdk-13.0.1/bin
PATH: /mnt/c/Program Files/Microsoft SQL Server/110/Tools/Binn/
PATH: /mnt/c/Program Files/Pandoc/
PATH: /mnt/c/Program Files/Intel/WiFi/bin/
PATH: /mnt/c/Program Files/Amazon/AWSCLIV2/
PATH: /mnt/c/Program Files (x86)/PICO-8/
PATH: /mnt/c/Program Files/Docker/Docker/resources/bin
PATH: /mnt/c/ProgramData/DockerDesktop/version-bin
PATH: /mnt/c/Program File
PATH: /mnt/c/Program Files/nodejs/
PATH: /mnt/c/Program Files/LLVM/bin
PATH: /mnt/c/Program Files (x86)/Microsoft SQL Server/150/Tools/Binn/
PATH: /mnt/c/Program Files/Microsoft SQL Server/150/Tools/Binn/
PATH: /mnt/c/Program Files/Microsoft SQL Server/150/DTS/Binn/
PATH: /mnt/c/Program Files (x86)/dotnet/
PATH: /mnt/c/tools/BCURRAN3
PATH: /mnt/c/Program Files/PowerShell/7/
PATH: /mnt/c/Program Files (x86)/Intel/Intel(R) Management Engine Components/DAL
PATH: /mnt/c/Program Files/Intel/Intel(R) Management Engine Components/DAL
PATH: /mnt/c/Users/kian/AppData/Local/Microsoft/WindowsApps
PATH: /mnt/c/Users/kian/AppData/Local/GitHubDesktop/bin
PATH: /mnt/c/tools/cmder
PATH: /mnt/c/Users/kian/.dotnet/tools
PATH: /mnt/c/tools/dart-sdk/bin
PATH: /mnt/c/Users/kian/AppData/Roaming/Pub/Cache/bin
PATH: /mnt/c/Program Files/gs/gs9.26/lib
PATH: /mnt/c/Program Files/gs/gs9.26/bin
PATH: /mnt/c/Users/kian/AppData/Local/Yarn/bin
PATH: /mnt/c/z88dk/bin
PATH: /mnt/c/Users/kian/AppData/Local/Programs/Microsoft VS Code Insiders/bin
PATH: /mnt/c/Program Files/JetBrains/IntelliJ IDEA Community Edition 2019.2.3/bin
PATH: /mnt/c/Program Files/OpenSSL-Win64/bin
PATH: /mnt/c/tinygo/bin
PATH: /mnt/c/Users/kian/go/bin
PATH: /mnt/c/Program Files (x86)/Rico Suter/NSwagStudio/
PATH: /mnt/c/Program Files (x86)/GitHub CLI/
PATH: /mnt/c/Users/kian/AppData/Local/Microsoft/WindowsApps
PATH: /mnt/c/Program Files/Arduino/bin
PATH: /mnt/c/Program Files/JetBrains/JetBrains Rider 2020.2.1/bin
PATH: /mnt/c/Users/kian/.dotnet/tools
PATH: /mnt/c/ProgramData/chocolatey/lib/mingw/tools/install/mingw64/bin
PATH: /mnt/c/Users/kian/AppData/Roaming/npm
PATH: /mnt/c/Program Files/HdfMonkey
PATH: /snap/bin


## ----------- ##
## Core tests. ##
## ----------- ##

configure:2496: checking for a BSD-compatible install
configure:2564: result: /usr/bin/install -c
configure:2575: checking whether build environment is sane
configure:2625: result: yes
configure:2766: checking for a thread-safe mkdir -p
configure:2805: result: /usr/bin/mkdir -p
configure:2818: checking for gawk
configure:2834: found /usr/bin/gawk
configure:2845: result: gawk
configure:2856: checking whether make sets $(MAKE)
configure:2878: result: yes
configure:2991: checking build system type
configure:3005: result: x86_64-unknown-linux-gnu
configure:3025: checking host system type
configure:3038: result: x86_64-unknown-linux-gnu
configure:3079: checking how to print strings
configure:3106: result: printf
configure:3139: checking for style of include used by make
configure:3167: result: GNU
configure:3238: checking for gcc
configure:3254: found /usr/bin/gcc
configure:3265: result: gcc
configure:3494: checking for C compiler version
configure:3503: gcc --version >&5
gcc (Ubuntu 9.3.0-17ubuntu1~20.04) 9.3.0
Copyright (C) 2019 Free Software Foundation, Inc.
This is free software; see the source for copying conditions.  There is NO
warranty; not even for MERCHANTABILITY or FITNESS FOR A PARTICULAR PURPOSE.

configure:3514: $? = 0
configure:3503: gcc -v >&5
Using built-in specs.
COLLECT_GCC=gcc
COLLECT_LTO_WRAPPER=/usr/lib/gcc/x86_64-linux-gnu/9/lto-wrapper
OFFLOAD_TARGET_NAMES=nvptx-none:hsa
OFFLOAD_TARGET_DEFAULT=1
Target: x86_64-linux-gnu
Configured with: ../src/configure -v --with-pkgversion='Ubuntu 9.3.0-17ubuntu1~20.04' --with-bugurl=file:///usr/share/doc/gcc-9/README.Bugs --enable-languages=c,ada,c++,go,brig,d,fortran,objc,obj-c++,gm2 --prefix=/usr --with-gcc-major-version-only --program-suffix=-9 --program-prefix=x86_64-linux-gnu- --enable-shared --enable-linker-build-id --libexecdir=/usr/lib --without-included-gettext --enable-threads=posix --libdir=/usr/lib --enable-nls --enable-clocale=gnu --enable-libstdcxx-debug --enable-libstdcxx-time=yes --with-default-libstdcxx-abi=new --enable-gnu-unique-object --disable-vtable-verify --enable-plugin --enable-default-pie --with-system-zlib --with-target-system-zlib=auto --enable-objc-gc=auto --enable-multiarch --disable-werror --with-arch-32=i686 --with-abi=m64 --with-multilib-list=m32,m64,mx32 --enable-multilib --with-tune=generic --enable-offload-targets=nvptx-none=/build/gcc-9-HskZEa/gcc-9-9.3.0/debian/tmp-nvptx/usr,hsa --without-cuda-driver --enable-checking=release --build=x86_64-linux-gnu --host=x86_64-linux-gnu --target=x86_64-linux-gnu
Thread model: posix
gcc version 9.3.0 (Ubuntu 9.3.0-17ubuntu1~20.04) 
configure:3514: $? = 0
configure:3503: gcc -V >&5
gcc: error: unrecognized command line option '-V'
gcc: fatal error: no input files
compilation terminated.
configure:3514: $? = 1
configure:3503: gcc -qversion >&5
gcc: error: unrecognized command line option '-qversion'; did you mean '--version'?
gcc: fatal error: no input files
compilation terminated.
configure:3514: $? = 1
configure:3534: checking whether the C compiler works
configure:3556: gcc    conftest.c  >&5
configure:3560: $? = 0
configure:3608: result: yes
configure:3611: checking for C compiler default output file name
configure:3613: result: a.out
configure:3619: checking for suffix of executables
configure:3626: gcc -o conftest    conftest.c  >&5
configure:3630: $? = 0
configure:3652: result: 
configure:3674: checking whether we are cross compiling
configure:3682: gcc -o conftest    conftest.c  >&5
configure:3686: $? = 0
configure:3693: ./conftest
configure:3697: $? = 0
configure:3685: result: no
configure:3690: checking for suffix of object files
configure:3712: gcc -c   conftest.c >&5
configure:3716: $? = 0
configure:3737: result: o
configure:3741: checking whether we are using the GNU C compiler
configure:3760: gcc -c   conftest.c >&5
configure:3760: $? = 0
configure:3769: result: yes
configure:3778: checking whether gcc accepts -g
configure:3798: gcc -c -g  conftest.c >&5
configure:3798: $? = 0
configure:3839: result: yes
configure:3856: checking for gcc option to accept ISO C89
configure:3919: gcc  -c -g -O2  conftest.c >&5
configure:3919: $? = 0
configure:3932: result: none needed
configure:3954: checking dependency style of gcc
configure:4065: result: gcc3
configure:4080: checking for a sed that does not truncate output
configure:4144: result: /usr/bin/sed
configure:4162: checking for grep that handles long lines and -e
configure:4220: result: /usr/bin/grep
configure:4225: checking for egrep
configure:4287: result: /usr/bin/grep -E
configure:4292: checking for fgrep
configure:4354: result: /usr/bin/grep -F
configure:4389: checking for ld used by gcc
configure:4456: result: /usr/bin/ld
configure:4463: checking if the linker (/usr/bin/ld) is GNU ld
configure:4478: result: yes
configure:4490: checking for BSD- or MS-compatible name lister (nm)
configure:4539: result: /usr/bin/nm -B
configure:4669: checking the name lister (/usr/bin/nm -B) interface
configure:4676: gcc -c -g -O2  conftest.c >&5
configure:4679: /usr/bin/nm -B "conftest.o"
configure:4682: output
0000000000000000 B some_variable
configure:4683: result: BSD nm
configure:4686: checking whether ln -s works
configure:4690: result: yes
configure:4698: checking the maximum length of command line arguments
configure:4828: result: 1572864
configure:4845: checking whether the shell understands some XSI constructs
configure:4854: result: yes
configure:4858: checking whether the shell understands "+="
configure:4862: result: yes
configure:4897: checking how to convert x86_64-unknown-linux-gnu file names to x86_64-unknown-linux-gnu format
configure:4937: result: func_convert_file_noop
configure:4944: checking how to convert x86_64-unknown-linux-gnu file names to toolchain format
configure:4964: result: func_convert_file_noop
configure:4971: checking for /usr/bin/ld option to reload object files
configure:4978: result: -r
configure:5052: checking for objdump
configure:5068: found /usr/bin/objdump
configure:5079: result: objdump
configure:5111: checking how to recognize dependent libraries
configure:5309: result: pass_all
configure:5394: checking for dlltool
configure:5424: result: no
configure:5454: checking how to associate runtime and link libraries
configure:5481: result: printf %s\n
configure:5542: checking for ar
configure:5558: found /usr/bin/ar
configure:5569: result: ar
configure:5606: checking for archiver @FILE support
configure:5623: gcc -c -g -O2  conftest.c >&5
configure:5623: $? = 0
configure:5626: ar cru libconftest.a @conftest.lst >&5
ar: `u' modifier ignored since `D' is the default (see `U')
configure:5629: $? = 0
configure:5634: ar cru libconftest.a @conftest.lst >&5
ar: `u' modifier ignored since `D' is the default (see `U')
ar: conftest.o: No such file or directory
configure:5637: $? = 1
configure:5636: result: @
configure:5694: checking for strip
configure:5710: found /usr/bin/strip
configure:5721: result: strip
configure:5793: checking for ranlib
configure:5809: found /usr/bin/ranlib
configure:5820: result: ranlib
configure:5922: checking command to parse /usr/bin/nm -B output from gcc object
configure:6042: gcc -c -g -O2  conftest.c >&5
configure:6045: $? = 0
configure:6049: /usr/bin/nm -B conftest.o \| sed -n -e 's/^.*[ ]\([ABCDGIRSTW][ABCDGIRSTW]*\)[ ][ ]*\([_A-Za-z][_A-Za-z0-9]*\)$/\1 \2 \2/p' | sed '/ __gnu_lto/d' \> conftest.nm
configure:6052: $? = 0
configure:6118: gcc -o conftest -g -O2   conftest.c conftstm.o >&5
configure:6121: $? = 0
configure:6159: result: ok
configure:6196: checking for sysroot
configure:6226: result: no
configure:6303: gcc -c -g -O2  conftest.c >&5
configure:6306: $? = 0
configure:6482: checking for mt
configure:6498: found /usr/bin/mt
configure:6509: result: mt
configure:6532: checking if mt is a manifest tool
configure:6538: mt '-?'
configure:6546: result: no
configure:7188: checking how to run the C preprocessor
configure:7219: gcc -E  conftest.c
configure:7219: $? = 0
configure:7233: gcc -E  conftest.c
conftest.c:11:10: fatal error: ac_nonexistent.h: No such file or directory
   11 | #include <ac_nonexistent.h>
      |          ^~~~~~~~~~~~~~~~~~
compilation terminated.
configure:7233: $? = 1
configure: failed program was:
| /* confdefs.h */
| #define PACKAGE_NAME ""
| #define PACKAGE_TARNAME ""
| #define PACKAGE_VERSION ""
| #define PACKAGE_STRING ""
| #define PACKAGE_BUGREPORT ""
| #define PACKAGE_URL ""
| #define PACKAGE "psiconv"
| #define VERSION "0.9.9"
| /* end confdefs.h.  */
| #include <ac_nonexistent.h>
configure:7258: result: gcc -E
configure:7278: gcc -E  conftest.c
configure:7278: $? = 0
configure:7292: gcc -E  conftest.c
conftest.c:11:10: fatal error: ac_nonexistent.h: No such file or directory
   11 | #include <ac_nonexistent.h>
      |          ^~~~~~~~~~~~~~~~~~
compilation terminated.
configure:7292: $? = 1
configure: failed program was:
| /* confdefs.h */
| #define PACKAGE_NAME ""
| #define PACKAGE_TARNAME ""
| #define PACKAGE_VERSION ""
| #define PACKAGE_STRING ""
| #define PACKAGE_BUGREPORT ""
| #define PACKAGE_URL ""
| #define PACKAGE "psiconv"
| #define VERSION "0.9.9"
| /* end confdefs.h.  */
| #include <ac_nonexistent.h>
configure:7321: checking for ANSI C header files
configure:7341: gcc -c -g -O2  conftest.c >&5
configure:7341: $? = 0
configure:7414: gcc -o conftest -g -O2   conftest.c  >&5
configure:7414: $? = 0
configure:7414: ./conftest
configure:7414: $? = 0
configure:7425: result: yes
configure:7438: checking for sys/types.h
configure:7438: gcc -c -g -O2  conftest.c >&5
configure:7438: $? = 0
configure:7438: result: yes
configure:7438: checking for sys/stat.h
configure:7438: gcc -c -g -O2  conftest.c >&5
configure:7438: $? = 0
configure:7438: result: yes
configure:7438: checking for stdlib.h
configure:7438: gcc -c -g -O2  conftest.c >&5
configure:7438: $? = 0
configure:7438: result: yes
configure:7438: checking for string.h
configure:7438: gcc -c -g -O2  conftest.c >&5
configure:7438: $? = 0
configure:7438: result: yes
configure:7438: checking for memory.h
configure:7438: gcc -c -g -O2  conftest.c >&5
configure:7438: $? = 0
configure:7438: result: yes
configure:7438: checking for strings.h
configure:7438: gcc -c -g -O2  conftest.c >&5
configure:7438: $? = 0
configure:7438: result: yes
configure:7438: checking for inttypes.h
configure:7438: gcc -c -g -O2  conftest.c >&5
configure:7438: $? = 0
configure:7438: result: yes
configure:7438: checking for stdint.h
configure:7438: gcc -c -g -O2  conftest.c >&5
configure:7438: $? = 0
configure:7438: result: yes
configure:7438: checking for unistd.h
configure:7438: gcc -c -g -O2  conftest.c >&5
configure:7438: $? = 0
configure:7438: result: yes
configure:7452: checking for dlfcn.h
configure:7452: gcc -c -g -O2  conftest.c >&5
configure:7452: $? = 0
configure:7452: result: yes
configure:7658: checking for objdir
configure:7673: result: .libs
configure:7940: checking if gcc supports -fno-rtti -fno-exceptions
configure:7958: gcc -c -g -O2  -fno-rtti -fno-exceptions conftest.c >&5
cc1: warning: command line option '-fno-rtti' is valid for C++/D/ObjC++ but not for C
configure:7962: $? = 0
configure:7975: result: no
configure:8302: checking for gcc option to produce PIC
configure:8309: result: -fPIC -DPIC
configure:8317: checking if gcc PIC flag -fPIC -DPIC works
configure:8335: gcc -c -g -O2  -fPIC -DPIC -DPIC conftest.c >&5
configure:8339: $? = 0
configure:8352: result: yes
configure:8381: checking if gcc static flag -static works
configure:8409: result: yes
configure:8424: checking if gcc supports -c -o file.o
configure:8445: gcc -c -g -O2  -o out/conftest2.o conftest.c >&5
configure:8449: $? = 0
configure:8471: result: yes
configure:8479: checking if gcc supports -c -o file.o
configure:8526: result: yes
configure:8559: checking whether the gcc linker (/usr/bin/ld -m elf_x86_64) supports shared libraries
configure:9716: result: yes
configure:9753: checking whether -lc should be explicitly linked in
configure:9761: gcc -c -g -O2  conftest.c >&5
configure:9764: $? = 0
configure:9779: gcc -shared  -fPIC -DPIC conftest.o  -v -Wl,-soname -Wl,conftest -o conftest 2\>\&1 \| /usr/bin/grep  -lc  \>/dev/null 2\>\&1
configure:9782: $? = 0
configure:9796: result: no
configure:9956: checking dynamic linker characteristics
configure:10456: gcc -o conftest -g -O2   -Wl,-rpath -Wl,/foo conftest.c  >&5
configure:10456: $? = 0
configure:10690: result: GNU/Linux ld.so
configure:10797: checking how to hardcode library paths into programs
configure:10822: result: immediate
configure:11362: checking whether stripping libraries is possible
configure:11367: result: yes
configure:11402: checking if libtool supports shared libraries
configure:11404: result: yes
configure:11407: checking whether to build shared libraries
configure:11428: result: yes
configure:11431: checking whether to build static libraries
configure:11435: result: yes
configure:8486: checking what warning flags to pass to the C compiler
configure:8506: result: -Wall -Wunused
configure:8517: checking what language compliance flags to pass to the C compiler
configure:8533: result: 
configure:8553: checking for Magick-config
configure:8581: result: yes
configure:8600: checking whether GetMagickInfo works and which API to use
configure:8619: gcc -o conftest -g -O2 -Wall -Wunused       conftest.c   >&5
conftest.c:26:13: fatal error: magick/api.h: No such file or directory
   26 |    #include <magick/api.h>
      |             ^~~~~~~~~~~~~~
compilation terminated.
configure:8619: $? = 1
configure: program exited with status 1
configure: failed program was:
| /* confdefs.h */
| #define PACKAGE_NAME ""
| #define PACKAGE_TARNAME ""
| #define PACKAGE_VERSION ""
| #define PACKAGE_STRING ""
| #define PACKAGE_BUGREPORT ""
| #define PACKAGE_URL ""
| #define PACKAGE "psiconv"
| #define VERSION "0.9.9"
| #define STDC_HEADERS 1
| #define HAVE_SYS_TYPES_H 1
| #define HAVE_SYS_STAT_H 1
| #define HAVE_STDLIB_H 1
| #define HAVE_STRING_H 1
| #define HAVE_MEMORY_H 1
| #define HAVE_STRINGS_H 1
| #define HAVE_INTTYPES_H 1
| #define HAVE_STDINT_H 1
| #define HAVE_UNISTD_H 1
| #define HAVE_DLFCN_H 1
| #define LT_OBJDIR ".libs/"
| /* end confdefs.h.  */
|  #include <stdio.h>
|                  #include <stdlib.h>
|                  #include <time.h>
| 		 #include <magick/api.h>
| 		 int main(void) {
| 		 unsigned long number_formats;
| 	         ExceptionInfo exception;
| 	         GetExceptionInfo(&exception);
| 	         OpenModules(&exception);
| 	         GetMagickInfoList("*",&number_formats,&exception);
| 	         return number_formats == 0; }
configure:8646: gcc -o conftest -g -O2 -Wall -Wunused       conftest.c   >&5
conftest.c:26:15: fatal error: magick/api.h: No such file or directory
   26 |      #include <magick/api.h>
      |               ^~~~~~~~~~~~~~
compilation terminated.
configure:8646: $? = 1
configure: program exited with status 1
configure: failed program was:
| /* confdefs.h */
| #define PACKAGE_NAME ""
| #define PACKAGE_TARNAME ""
| #define PACKAGE_VERSION ""
| #define PACKAGE_STRING ""
| #define PACKAGE_BUGREPORT ""
| #define PACKAGE_URL ""
| #define PACKAGE "psiconv"
| #define VERSION "0.9.9"
| #define STDC_HEADERS 1
| #define HAVE_SYS_TYPES_H 1
| #define HAVE_SYS_STAT_H 1
| #define HAVE_STDLIB_H 1
| #define HAVE_STRING_H 1
| #define HAVE_MEMORY_H 1
| #define HAVE_STRINGS_H 1
| #define HAVE_INTTYPES_H 1
| #define HAVE_STDINT_H 1
| #define HAVE_UNISTD_H 1
| #define HAVE_DLFCN_H 1
| #define LT_OBJDIR ".libs/"
| /* end confdefs.h.  */
|  #include <stdio.h>
|                    #include <stdlib.h>
|                    #include <time.h>
| 		   #include <magick/api.h>
| 		   int main(void) {
| 		   unsigned long number_formats;
| 	           ExceptionInfo exception;
| 	           GetExceptionInfo(&exception);
| 	           OpenModules(&exception);
| 	           GetMagickInfoList("*",&number_formats);
| 	           return number_formats == 0; }
configure:8671: gcc -o conftest -g -O2 -Wall -Wunused       conftest.c   >&5
conftest.c:26:15: fatal error: magick/api.h: No such file or directory
   26 |      #include <magick/api.h>
      |               ^~~~~~~~~~~~~~
compilation terminated.
configure:8671: $? = 1
configure: program exited with status 1
configure: failed program was:
| /* confdefs.h */
| #define PACKAGE_NAME ""
| #define PACKAGE_TARNAME ""
| #define PACKAGE_VERSION ""
| #define PACKAGE_STRING ""
| #define PACKAGE_BUGREPORT ""
| #define PACKAGE_URL ""
| #define PACKAGE "psiconv"
| #define VERSION "0.9.9"
| #define STDC_HEADERS 1
| #define HAVE_SYS_TYPES_H 1
| #define HAVE_SYS_STAT_H 1
| #define HAVE_STDLIB_H 1
| #define HAVE_STRING_H 1
| #define HAVE_MEMORY_H 1
| #define HAVE_STRINGS_H 1
| #define HAVE_INTTYPES_H 1
| #define HAVE_STDINT_H 1
| #define HAVE_UNISTD_H 1
| #define HAVE_DLFCN_H 1
| #define LT_OBJDIR ".libs/"
| /* end confdefs.h.  */
|  #include <stdio.h>
|                    #include <stdlib.h>
|                    #include <time.h>
|   		 #include <magick/api.h>
|                    int main(void) { ExceptionInfo exception;
|                    GetExceptionInfo(&exception);
|                    OpenModules(&exception);
|                    return (NULL ==  GetMagickInfo(NULL,&exception)); }
configure:8693: gcc -o conftest -g -O2 -Wall -Wunused       conftest.c   >&5
conftest.c:23:11: fatal error: magick/magick.h: No such file or directory
   23 |  #include <magick/magick.h>
      |           ^~~~~~~~~~~~~~~~~
compilation terminated.
configure:8693: $? = 1
configure: program exited with status 1
configure: failed program was:
| /* confdefs.h */
| #define PACKAGE_NAME ""
| #define PACKAGE_TARNAME ""
| #define PACKAGE_VERSION ""
| #define PACKAGE_STRING ""
| #define PACKAGE_BUGREPORT ""
| #define PACKAGE_URL ""
| #define PACKAGE "psiconv"
| #define VERSION "0.9.9"
| #define STDC_HEADERS 1
| #define HAVE_SYS_TYPES_H 1
| #define HAVE_SYS_STAT_H 1
| #define HAVE_STDLIB_H 1
| #define HAVE_STRING_H 1
| #define HAVE_MEMORY_H 1
| #define HAVE_STRINGS_H 1
| #define HAVE_INTTYPES_H 1
| #define HAVE_STDINT_H 1
| #define HAVE_UNISTD_H 1
| #define HAVE_DLFCN_H 1
| #define LT_OBJDIR ".libs/"
| /* end confdefs.h.  */
|  #include <magick/magick.h>
|                    int main(void) { ExceptionInfo exception;
|                    GetExceptionInfo(&exception);
|                    OpenModules(&exception);
|                    return (NULL ==  GetMagickInfo(NULL,&exception)); }
configure:8718: gcc -o conftest -g -O2 -Wall -Wunused       conftest.c   >&5
conftest.c:23:11: fatal error: magick/api.h: No such file or directory
   23 |  #include <magick/api.h>
      |           ^~~~~~~~~~~~~~
compilation terminated.
configure:8718: $? = 1
configure: program exited with status 1
configure: failed program was:
| /* confdefs.h */
| #define PACKAGE_NAME ""
| #define PACKAGE_TARNAME ""
| #define PACKAGE_VERSION ""
| #define PACKAGE_STRING ""
| #define PACKAGE_BUGREPORT ""
| #define PACKAGE_URL ""
| #define PACKAGE "psiconv"
| #define VERSION "0.9.9"
| #define STDC_HEADERS 1
| #define HAVE_SYS_TYPES_H 1
| #define HAVE_SYS_STAT_H 1
| #define HAVE_STDLIB_H 1
| #define HAVE_STRING_H 1
| #define HAVE_MEMORY_H 1
| #define HAVE_STRINGS_H 1
| #define HAVE_INTTYPES_H 1
| #define HAVE_STDINT_H 1
| #define HAVE_UNISTD_H 1
| #define HAVE_DLFCN_H 1
| #define LT_OBJDIR ".libs/"
| /* end confdefs.h.  */
|  #include <magick/api.h>
|                    int main(void) {
|                      MagickInfo **formats;
|                      ExceptionInfo exception;
|                      InitializeMagick(NULL);
|                      GetExceptionInfo(&exception);
|                      return (NULL == GetMagickInfoArray(&exception)); }
configure:8729: result: "Version no"
configure:8754: checking for ANSI C header files
configure:8858: result: yes
configure:8868: checking for unistd.h
configure:8868: result: yes
configure:8879: checking for an ANSI C-conforming const
configure:8945: gcc -c -g -O2 -Wall -Wunused   conftest.c >&5
configure:8945: $? = 0
configure:8952: result: yes
configure:8960: checking for size_t
configure:8960: gcc -c -g -O2 -Wall -Wunused   conftest.c >&5
configure:8960: $? = 0
configure:8960: gcc -c -g -O2 -Wall -Wunused   conftest.c >&5
conftest.c: In function 'main':
conftest.c:61:21: error: expected expression before ')' token
   61 | if (sizeof ((size_t)))
      |                     ^
configure:8960: $? = 1
configure: failed program was:
| /* confdefs.h */
| #define PACKAGE_NAME ""
| #define PACKAGE_TARNAME ""
| #define PACKAGE_VERSION ""
| #define PACKAGE_STRING ""
| #define PACKAGE_BUGREPORT ""
| #define PACKAGE_URL ""
| #define PACKAGE "psiconv"
| #define VERSION "0.9.9"
| #define STDC_HEADERS 1
| #define HAVE_SYS_TYPES_H 1
| #define HAVE_SYS_STAT_H 1
| #define HAVE_STDLIB_H 1
| #define HAVE_STRING_H 1
| #define HAVE_MEMORY_H 1
| #define HAVE_STRINGS_H 1
| #define HAVE_INTTYPES_H 1
| #define HAVE_STDINT_H 1
| #define HAVE_UNISTD_H 1
| #define HAVE_DLFCN_H 1
| #define LT_OBJDIR ".libs/"
| #define STDC_HEADERS 1
| #define HAVE_UNISTD_H 1
| /* end confdefs.h.  */
| #include <stdio.h>
| #ifdef HAVE_SYS_TYPES_H
| # include <sys/types.h>
| #endif
| #ifdef HAVE_SYS_STAT_H
| # include <sys/stat.h>
| #endif
| #ifdef STDC_HEADERS
| # include <stdlib.h>
| # include <stddef.h>
| #else
| # ifdef HAVE_STDLIB_H
| #  include <stdlib.h>
| # endif
| #endif
| #ifdef HAVE_STRING_H
| # if !defined STDC_HEADERS && defined HAVE_MEMORY_H
| #  include <memory.h>
| # endif
| # include <string.h>
| #endif
| #ifdef HAVE_STRINGS_H
| # include <strings.h>
| #endif
| #ifdef HAVE_INTTYPES_H
| # include <inttypes.h>
| #endif
| #ifdef HAVE_STDINT_H
| # include <stdint.h>
| #endif
| #ifdef HAVE_UNISTD_H
| # include <unistd.h>
| #endif
| int
| main ()
| {
| if (sizeof ((size_t)))
| 	    return 0;
|   ;
|   return 0;
| }
configure:8960: result: yes
configure:8977: checking size of char
configure:8982: gcc -o conftest -g -O2 -Wall -Wunused    conftest.c  >&5
configure:8982: $? = 0
configure:8982: ./conftest
configure:8982: $? = 0
configure:8996: result: 1
configure:9010: checking size of short
configure:9015: gcc -o conftest -g -O2 -Wall -Wunused    conftest.c  >&5
configure:9015: $? = 0
configure:9015: ./conftest
configure:9015: $? = 0
configure:9029: result: 2
configure:9043: checking size of int
configure:9048: gcc -o conftest -g -O2 -Wall -Wunused    conftest.c  >&5
configure:9048: $? = 0
configure:9048: ./conftest
configure:9048: $? = 0
configure:9062: result: 4
configure:9076: checking size of long
configure:9081: gcc -o conftest -g -O2 -Wall -Wunused    conftest.c  >&5
configure:9081: $? = 0
configure:9081: ./conftest
configure:9081: $? = 0
configure:9095: result: 8
configure:9106: checking for an 8 bit integer type
configure:9110: result: char
configure:9127: checking for a 16 bit integer type
configure:9135: result: short
configure:9149: checking for a 32 bit integer type
configure:9161: result: int
configure:9177: checking for vprintf
configure:9177: gcc -o conftest -g -O2 -Wall -Wunused    conftest.c  >&5
conftest.c:52:6: warning: conflicting types for built-in function 'vprintf'; expected 'int(const char *, __va_list_tag *)' [-Wbuiltin-declaration-mismatch]
   52 | char vprintf ();
      |      ^~~~~~~
conftest.c:40:1: note: 'vprintf' is declared in header '<stdio.h>'
   39 | # include <limits.h>
   40 | #else
configure:9177: $? = 0
configure:9177: result: yes
configure:9183: checking for _doprnt
configure:9183: gcc -o conftest -g -O2 -Wall -Wunused    conftest.c  >&5
/usr/bin/ld: /tmp/ccrJ6frD.o: in function `main':
/home/kian/projects/psion/psiconv-0.9.9/conftest.c:64: undefined reference to `_doprnt'
collect2: error: ld returned 1 exit status
configure:9183: $? = 1
configure: failed program was:
| /* confdefs.h */
| #define PACKAGE_NAME ""
| #define PACKAGE_TARNAME ""
| #define PACKAGE_VERSION ""
| #define PACKAGE_STRING ""
| #define PACKAGE_BUGREPORT ""
| #define PACKAGE_URL ""
| #define PACKAGE "psiconv"
| #define VERSION "0.9.9"
| #define STDC_HEADERS 1
| #define HAVE_SYS_TYPES_H 1
| #define HAVE_SYS_STAT_H 1
| #define HAVE_STDLIB_H 1
| #define HAVE_STRING_H 1
| #define HAVE_MEMORY_H 1
| #define HAVE_STRINGS_H 1
| #define HAVE_INTTYPES_H 1
| #define HAVE_STDINT_H 1
| #define HAVE_UNISTD_H 1
| #define HAVE_DLFCN_H 1
| #define LT_OBJDIR ".libs/"
| #define STDC_HEADERS 1
| #define HAVE_UNISTD_H 1
| #define SIZEOF_CHAR 1
| #define SIZEOF_SHORT 2
| #define SIZEOF_INT 4
| #define SIZEOF_LONG 8
| #define HAVE_VPRINTF 1
| /* end confdefs.h.  */
| /* Define _doprnt to an innocuous variant, in case <limits.h> declares _doprnt.
|    For example, HP-UX 11i <limits.h> declares gettimeofday.  */
| #define _doprnt innocuous__doprnt
| 
| /* System header to define __stub macros and hopefully few prototypes,
|     which can conflict with char _doprnt (); below.
|     Prefer <limits.h> to <assert.h> if __STDC__ is defined, since
|     <limits.h> exists even on freestanding compilers.  */
| 
| #ifdef __STDC__
| # include <limits.h>
| #else
| # include <assert.h>
| #endif
| 
| #undef _doprnt
| 
| /* Override any GCC internal prototype to avoid an error.
|    Use char because int might match the return type of a GCC
|    builtin and then its argument prototype would still apply.  */
| #ifdef __cplusplus
| extern "C"
| #endif
| char _doprnt ();
| /* The GNU C library defines this for functions which it implements
|     to always fail with ENOSYS.  Some functions are actually named
|     something starting with __ and the normal name is an alias.  */
| #if defined __stub__doprnt || defined __stub____doprnt
| choke me
| #endif
| 
| int
| main ()
| {
| return _doprnt ();
|   ;
|   return 0;
| }
configure:9183: result: no
configure:9194: checking for strdup
configure:9194: gcc -o conftest -g -O2 -Wall -Wunused    conftest.c  >&5
conftest.c:53:6: warning: conflicting types for built-in function 'strdup'; expected 'char *(const char *)' [-Wbuiltin-declaration-mismatch]
   53 | char strdup ();
      |      ^~~~~~
configure:9194: $? = 0
configure:9194: result: yes
configure:9208: checking for getopt_long
configure:9208: gcc -o conftest -g -O2 -Wall -Wunused    conftest.c  >&5
configure:9208: $? = 0
configure:9208: result: yes
configure:9520: creating ./config.status

## ---------------------- ##
## Running config.status. ##
## ---------------------- ##

This file was extended by config.status, which was
generated by GNU Autoconf 2.69.  Invocation command line was

  CONFIG_FILES    = 
  CONFIG_HEADERS  = 
  CONFIG_LINKS    = 
  CONFIG_COMMANDS = 
  $ ./config.status 

on HEPHAESTUS2

config.status:1109: creating Makefile
config.status:1109: creating compat/Makefile
config.status:1109: creating lib/Makefile
config.status:1109: creating lib/psiconv/Makefile
config.status:1109: creating lib/psiconv/psiconv.conf.man
config.status:1109: creating program/Makefile
config.status:1109: creating program/psiconv/Makefile
config.status:1109: creating program/psiconv-config/Makefile
config.status:1109: creating program/psiconv-config/psiconv-config
config.status:1109: creating program/psiconv-config/psiconv-config.man
config.status:1109: creating lib/psiconv/general.h
config.status:1109: creating formats/Makefile
config.status:1109: creating docs/Makefile
config.status:1109: creating program/extra/Makefile
config.status:1109: creating etc/Makefile
config.status:1109: creating examples/Makefile
config.status:1109: creating config.h
config.status:1338: executing depfiles commands
config.status:1338: executing libtool commands

## ---------------- ##
## Cache variables. ##
## ---------------- ##

ac_cv_build=x86_64-unknown-linux-gnu
ac_cv_c_compiler_gnu=yes
ac_cv_c_const=yes
ac_cv_env_CC_set=
ac_cv_env_CC_value=
ac_cv_env_CFLAGS_set=
ac_cv_env_CFLAGS_value=
ac_cv_env_CPPFLAGS_set=
ac_cv_env_CPPFLAGS_value=
ac_cv_env_CPP_set=
ac_cv_env_CPP_value=
ac_cv_env_LDFLAGS_set=
ac_cv_env_LDFLAGS_value=
ac_cv_env_LIBS_set=
ac_cv_env_LIBS_value=
ac_cv_env_build_alias_set=
ac_cv_env_build_alias_value=
ac_cv_env_host_alias_set=
ac_cv_env_host_alias_value=
ac_cv_env_target_alias_set=
ac_cv_env_target_alias_value=
ac_cv_func__doprnt=no
ac_cv_func_getopt_long=yes
ac_cv_func_strdup=yes
ac_cv_func_vprintf=yes
ac_cv_header_dlfcn_h=yes
ac_cv_header_inttypes_h=yes
ac_cv_header_memory_h=yes
ac_cv_header_stdc=yes
ac_cv_header_stdint_h=yes
ac_cv_header_stdlib_h=yes
ac_cv_header_string_h=yes
ac_cv_header_strings_h=yes
ac_cv_header_sys_stat_h=yes
ac_cv_header_sys_types_h=yes
ac_cv_header_unistd_h=yes
ac_cv_host=x86_64-unknown-linux-gnu
ac_cv_objext=o
ac_cv_path_EGREP='/usr/bin/grep -E'
ac_cv_path_FGREP='/usr/bin/grep -F'
ac_cv_path_GREP=/usr/bin/grep
ac_cv_path_SED=/usr/bin/sed
ac_cv_path_install='/usr/bin/install -c'
ac_cv_path_mkdir=/usr/bin/mkdir
ac_cv_prog_AWK=gawk
ac_cv_prog_CPP='gcc -E'
ac_cv_prog_IMAGEMAGICK=yes
ac_cv_prog_ac_ct_AR=ar
ac_cv_prog_ac_ct_CC=gcc
ac_cv_prog_ac_ct_MANIFEST_TOOL=mt
ac_cv_prog_ac_ct_OBJDUMP=objdump
ac_cv_prog_ac_ct_RANLIB=ranlib
ac_cv_prog_ac_ct_STRIP=strip
ac_cv_prog_cc_c89=
ac_cv_prog_cc_g=yes
ac_cv_prog_make_make_set=yes
ac_cv_sizeof_char=1
ac_cv_sizeof_int=4
ac_cv_sizeof_long=8
ac_cv_sizeof_short=2
ac_cv_type_size_t=yes
am_cv_CC_dependencies_compiler_type=gcc3
lt_cv_ar_at_file=@
lt_cv_archive_cmds_need_lc=no
lt_cv_deplibs_check_method=pass_all
lt_cv_file_magic_cmd='$MAGIC_CMD'
lt_cv_file_magic_test_file=
lt_cv_ld_reload_flag=-r
lt_cv_nm_interface='BSD nm'
lt_cv_objdir=.libs
lt_cv_path_LD=/usr/bin/ld
lt_cv_path_NM='/usr/bin/nm -B'
lt_cv_path_mainfest_tool=no
lt_cv_prog_compiler_c_o=yes
lt_cv_prog_compiler_pic='-fPIC -DPIC'
lt_cv_prog_compiler_pic_works=yes
lt_cv_prog_compiler_rtti_exceptions=no
lt_cv_prog_compiler_static_works=yes
lt_cv_prog_gnu_ld=yes
lt_cv_sharedlib_from_linklib_cmd='printf %s\n'
lt_cv_shlibpath_overrides_runpath=yes
lt_cv_sys_global_symbol_pipe='sed -n -e '\''s/^.*[	 ]\([ABCDGIRSTW][ABCDGIRSTW]*\)[	 ][	 ]*\([_A-Za-z][_A-Za-z0-9]*\)$/\1 \2 \2/p'\'' | sed '\''/ __gnu_lto/d'\'''
lt_cv_sys_global_symbol_to_c_name_address='sed -n -e '\''s/^: \([^ ]*\)[ ]*$/  {\"\1\", (void *) 0},/p'\'' -e '\''s/^[ABCDGIRSTW]* \([^ ]*\) \([^ ]*\)$/  {"\2", (void *) \&\2},/p'\'''
lt_cv_sys_global_symbol_to_c_name_address_lib_prefix='sed -n -e '\''s/^: \([^ ]*\)[ ]*$/  {\"\1\", (void *) 0},/p'\'' -e '\''s/^[ABCDGIRSTW]* \([^ ]*\) \(lib[^ ]*\)$/  {"\2", (void *) \&\2},/p'\'' -e '\''s/^[ABCDGIRSTW]* \([^ ]*\) \([^ ]*\)$/  {"lib\2", (void *) \&\2},/p'\'''
lt_cv_sys_global_symbol_to_cdecl='sed -n -e '\''s/^T .* \(.*\)$/extern int \1();/p'\'' -e '\''s/^[ABCDGIRSTW]* .* \(.*\)$/extern char \1;/p'\'''
lt_cv_sys_max_cmd_len=1572864
lt_cv_to_host_file_cmd=func_convert_file_noop
lt_cv_to_tool_file_cmd=func_convert_file_noop

## ----------------- ##
## Output variables. ##
## ----------------- ##

ACLOCAL='${SHELL} /home/kian/projects/psion/psiconv-0.9.9/missing --run aclocal-1.11'
AMDEPBACKSLASH='\'
AMDEP_FALSE='#'
AMDEP_TRUE=''
AMTAR='$${TAR-tar}'
AR='ar'
ASCIIDOCS_FALSE=''
ASCIIDOCS_TRUE='#'
AUTOCONF='${SHELL} /home/kian/projects/psion/psiconv-0.9.9/missing --run autoconf'
AUTOHEADER='${SHELL} /home/kian/projects/psion/psiconv-0.9.9/missing --run autoheader'
AUTOMAKE='${SHELL} /home/kian/projects/psion/psiconv-0.9.9/missing --run automake-1.11'
AWK='gawk'
CC='gcc'
CCDEPMODE='depmode=gcc3'
CFLAGS='-g -O2 -Wall -Wunused '
CPP='gcc -E'
CPPFLAGS=''
CYGPATH_W='echo'
DEFS='-DHAVE_CONFIG_H'
DEPDIR='.deps'
DLLTOOL='false'
DSYMUTIL=''
DUMPBIN=''
ECHO_C=''
ECHO_N='-n'
ECHO_T=''
EGREP='/usr/bin/grep -E'
EXEEXT=''
FGREP='/usr/bin/grep -F'
GREP='/usr/bin/grep'
HTML4DOCS_FALSE=''
HTML4DOCS_TRUE='#'
IMAGEMAGICK='yes'
INSTALL_DATA='${INSTALL} -m 644'
INSTALL_PROGRAM='${INSTALL}'
INSTALL_SCRIPT='${INSTALL}'
INSTALL_STRIP_PROGRAM='$(install_sh) -c -s'
INT_16_BIT='short'
INT_32_BIT='int'
INT_8_BIT='char'
LD='/usr/bin/ld -m elf_x86_64'
LDFLAGS=''
LIBOBJS=''
LIBS=''
LIBTOOL='$(SHELL) $(top_builddir)/libtool'
LIB_DMALLOC=''
LIB_MAGICK=''
LIPO=''
LN_S='ln -s'
LTLIBOBJS=''
MAKEINFO='${SHELL} /home/kian/projects/psion/psiconv-0.9.9/missing --run makeinfo'
MANIFEST_TOOL=':'
MKDIR_P='/usr/bin/mkdir -p'
NM='/usr/bin/nm -B'
NMEDIT=''
OBJDUMP='objdump'
OBJEXT='o'
OTOOL64=''
OTOOL=''
PACKAGE='psiconv'
PACKAGE_BUGREPORT=''
PACKAGE_NAME=''
PACKAGE_STRING=''
PACKAGE_TARNAME=''
PACKAGE_URL=''
PACKAGE_VERSION=''
PATH_SEPARATOR=':'
PSICONVETCDIR='${prefix}/etc/psiconv'
RANLIB='ranlib'
SED='/usr/bin/sed'
SET_MAKE=''
SHELL='/bin/bash'
STRIP='strip'
VERSION='0.9.9'
XHTMLDOCS_FALSE='#'
XHTMLDOCS_TRUE=''
ac_ct_AR='ar'
ac_ct_CC='gcc'
ac_ct_DUMPBIN=''
am__EXEEXT_FALSE=''
am__EXEEXT_TRUE='#'
am__fastdepCC_FALSE='#'
am__fastdepCC_TRUE=''
am__include='include'
am__isrc=''
am__leading_dot='.'
am__nodep='_no'
am__quote=''
am__tar='$${TAR-tar} chof - "$$tardir"'
am__untar='$${TAR-tar} xf -'
bindir='${exec_prefix}/bin'
build='x86_64-unknown-linux-gnu'
build_alias=''
build_cpu='x86_64'
build_os='linux-gnu'
build_vendor='unknown'
cflags_set='yes'
datadir='${datarootdir}'
datarootdir='${prefix}/share'
docdir='${datarootdir}/doc/${PACKAGE}'
dvidir='${docdir}'
exec_prefix='${prefix}'
host='x86_64-unknown-linux-gnu'
host_alias=''
host_cpu='x86_64'
host_os='linux-gnu'
host_vendor='unknown'
htmldir='${docdir}'
includedir='${prefix}/include'
infodir='${datarootdir}/info'
install_sh='${SHELL} /home/kian/projects/psion/psiconv-0.9.9/install-sh'
libdir='${exec_prefix}/lib'
libexecdir='${exec_prefix}/libexec'
localedir='${datarootdir}/locale'
localstatedir='${prefix}/var'
mandir='${datarootdir}/man'
mkdir_p='/usr/bin/mkdir -p'
oldincludedir='/usr/include'
pdfdir='${docdir}'
prefix='/usr/local'
program_transform_name='s,x,x,'
psdir='${docdir}'
sbindir='${exec_prefix}/sbin'
sharedstatedir='${prefix}/com'
sysconfdir='${prefix}/etc'
target_alias=''

## ----------- ##
## confdefs.h. ##
## ----------- ##

/* confdefs.h */
#define PACKAGE_NAME ""
#define PACKAGE_TARNAME ""
#define PACKAGE_VERSION ""
#define PACKAGE_STRING ""
#define PACKAGE_BUGREPORT ""
#define PACKAGE_URL ""
#define PACKAGE "psiconv"
#define VERSION "0.9.9"
#define STDC_HEADERS 1
#define HAVE_SYS_TYPES_H 1
#define HAVE_SYS_STAT_H 1
#define HAVE_STDLIB_H 1
#define HAVE_STRING_H 1
#define HAVE_MEMORY_H 1
#define HAVE_STRINGS_H 1
#define HAVE_INTTYPES_H 1
#define HAVE_STDINT_H 1
#define HAVE_UNISTD_H 1
#define HAVE_DLFCN_H 1
#define LT_OBJDIR ".libs/"
#define STDC_HEADERS 1
#define HAVE_UNISTD_H 1
#define SIZEOF_CHAR 1
#define SIZEOF_SHORT 2
#define SIZEOF_INT 4
#define SIZEOF_LONG 8
#define HAVE_VPRINTF 1
#define HAVE_STRDUP 1

configure: exit 0
